  main.cpp
E:\Studioul Vizual\Drunk Driving Simulator\main.cpp(231,30): warning C4244: 'argument': conversion from 'T' to 'float', possible loss of data
E:\Studioul Vizual\Drunk Driving Simulator\main.cpp(231,30): warning C4244:         with
E:\Studioul Vizual\Drunk Driving Simulator\main.cpp(231,30): warning C4244:         [
E:\Studioul Vizual\Drunk Driving Simulator\main.cpp(231,30): warning C4244:             T=unsigned int
E:\Studioul Vizual\Drunk Driving Simulator\main.cpp(231,30): warning C4244:         ]
E:\Studioul Vizual\Drunk Driving Simulator\main.cpp(233,60): warning C4244: 'argument': conversion from 'T' to 'float', possible loss of data
E:\Studioul Vizual\Drunk Driving Simulator\main.cpp(233,60): warning C4244:         with
E:\Studioul Vizual\Drunk Driving Simulator\main.cpp(233,60): warning C4244:         [
E:\Studioul Vizual\Drunk Driving Simulator\main.cpp(233,60): warning C4244:             T=unsigned int
E:\Studioul Vizual\Drunk Driving Simulator\main.cpp(233,60): warning C4244:         ]
E:\Studioul Vizual\Drunk Driving Simulator\main.cpp(233,42): warning C4244: 'argument': conversion from 'T' to 'float', possible loss of data
E:\Studioul Vizual\Drunk Driving Simulator\main.cpp(233,42): warning C4244:         with
E:\Studioul Vizual\Drunk Driving Simulator\main.cpp(233,42): warning C4244:         [
E:\Studioul Vizual\Drunk Driving Simulator\main.cpp(233,42): warning C4244:             T=unsigned int
E:\Studioul Vizual\Drunk Driving Simulator\main.cpp(233,42): warning C4244:         ]
E:\Studioul Vizual\Drunk Driving Simulator\main.cpp(250,42): warning C4244: 'argument': conversion from 'T' to 'float', possible loss of data
E:\Studioul Vizual\Drunk Driving Simulator\main.cpp(250,42): warning C4244:         with
E:\Studioul Vizual\Drunk Driving Simulator\main.cpp(250,42): warning C4244:         [
E:\Studioul Vizual\Drunk Driving Simulator\main.cpp(250,42): warning C4244:             T=unsigned int
E:\Studioul Vizual\Drunk Driving Simulator\main.cpp(250,42): warning C4244:         ]
E:\Studioul Vizual\Drunk Driving Simulator\main.cpp(250,30): warning C4244: 'argument': conversion from 'T' to 'float', possible loss of data
E:\Studioul Vizual\Drunk Driving Simulator\main.cpp(250,30): warning C4244:         with
E:\Studioul Vizual\Drunk Driving Simulator\main.cpp(250,30): warning C4244:         [
E:\Studioul Vizual\Drunk Driving Simulator\main.cpp(250,30): warning C4244:             T=unsigned int
E:\Studioul Vizual\Drunk Driving Simulator\main.cpp(250,30): warning C4244:         ]
E:\Studioul Vizual\Drunk Driving Simulator\main.cpp(408,81): warning C4244: 'argument': conversion from 'T' to 'float', possible loss of data
E:\Studioul Vizual\Drunk Driving Simulator\main.cpp(408,81): warning C4244:         with
E:\Studioul Vizual\Drunk Driving Simulator\main.cpp(408,81): warning C4244:         [
E:\Studioul Vizual\Drunk Driving Simulator\main.cpp(408,81): warning C4244:             T=unsigned int
E:\Studioul Vizual\Drunk Driving Simulator\main.cpp(408,81): warning C4244:         ]
E:\Studioul Vizual\Drunk Driving Simulator\main.cpp(408,55): warning C4244: 'argument': conversion from 'T' to 'float', possible loss of data
E:\Studioul Vizual\Drunk Driving Simulator\main.cpp(408,55): warning C4244:         with
E:\Studioul Vizual\Drunk Driving Simulator\main.cpp(408,55): warning C4244:         [
E:\Studioul Vizual\Drunk Driving Simulator\main.cpp(408,55): warning C4244:             T=unsigned int
E:\Studioul Vizual\Drunk Driving Simulator\main.cpp(408,55): warning C4244:         ]
E:\Studioul Vizual\Drunk Driving Simulator\main.cpp(561,76): warning C4244: 'argument': conversion from 'T' to 'float', possible loss of data
E:\Studioul Vizual\Drunk Driving Simulator\main.cpp(561,76): warning C4244:         with
E:\Studioul Vizual\Drunk Driving Simulator\main.cpp(561,76): warning C4244:         [
E:\Studioul Vizual\Drunk Driving Simulator\main.cpp(561,76): warning C4244:             T=unsigned int
E:\Studioul Vizual\Drunk Driving Simulator\main.cpp(561,76): warning C4244:         ]
E:\Studioul Vizual\Drunk Driving Simulator\main.cpp(561,54): warning C4244: 'argument': conversion from 'T' to 'float', possible loss of data
E:\Studioul Vizual\Drunk Driving Simulator\main.cpp(561,54): warning C4244:         with
E:\Studioul Vizual\Drunk Driving Simulator\main.cpp(561,54): warning C4244:         [
E:\Studioul Vizual\Drunk Driving Simulator\main.cpp(561,54): warning C4244:             T=unsigned int
E:\Studioul Vizual\Drunk Driving Simulator\main.cpp(561,54): warning C4244:         ]
E:\Studioul Vizual\Drunk Driving Simulator\main.cpp(565,79): warning C4244: 'argument': conversion from 'T' to 'float', possible loss of data
E:\Studioul Vizual\Drunk Driving Simulator\main.cpp(565,79): warning C4244:         with
E:\Studioul Vizual\Drunk Driving Simulator\main.cpp(565,79): warning C4244:         [
E:\Studioul Vizual\Drunk Driving Simulator\main.cpp(565,79): warning C4244:             T=unsigned int
E:\Studioul Vizual\Drunk Driving Simulator\main.cpp(565,79): warning C4244:         ]
E:\Studioul Vizual\Drunk Driving Simulator\main.cpp(565,56): warning C4244: 'argument': conversion from 'T' to 'float', possible loss of data
E:\Studioul Vizual\Drunk Driving Simulator\main.cpp(565,56): warning C4244:         with
E:\Studioul Vizual\Drunk Driving Simulator\main.cpp(565,56): warning C4244:         [
E:\Studioul Vizual\Drunk Driving Simulator\main.cpp(565,56): warning C4244:             T=unsigned int
E:\Studioul Vizual\Drunk Driving Simulator\main.cpp(565,56): warning C4244:         ]
E:\Studioul Vizual\Drunk Driving Simulator\main.cpp(600,56): warning C4244: 'argument': conversion from 'T' to 'float', possible loss of data
E:\Studioul Vizual\Drunk Driving Simulator\main.cpp(600,56): warning C4244:         with
E:\Studioul Vizual\Drunk Driving Simulator\main.cpp(600,56): warning C4244:         [
E:\Studioul Vizual\Drunk Driving Simulator\main.cpp(600,56): warning C4244:             T=unsigned int
E:\Studioul Vizual\Drunk Driving Simulator\main.cpp(600,56): warning C4244:         ]
E:\Studioul Vizual\Drunk Driving Simulator\main.cpp(618,71): warning C4244: 'argument': conversion from 'T' to 'float', possible loss of data
E:\Studioul Vizual\Drunk Driving Simulator\main.cpp(618,71): warning C4244:         with
E:\Studioul Vizual\Drunk Driving Simulator\main.cpp(618,71): warning C4244:         [
E:\Studioul Vizual\Drunk Driving Simulator\main.cpp(618,71): warning C4244:             T=unsigned int
E:\Studioul Vizual\Drunk Driving Simulator\main.cpp(618,71): warning C4244:         ]
E:\Studioul Vizual\Drunk Driving Simulator\main.cpp(628,66): warning C4244: 'argument': conversion from 'T' to 'float', possible loss of data
E:\Studioul Vizual\Drunk Driving Simulator\main.cpp(628,66): warning C4244:         with
E:\Studioul Vizual\Drunk Driving Simulator\main.cpp(628,66): warning C4244:         [
E:\Studioul Vizual\Drunk Driving Simulator\main.cpp(628,66): warning C4244:             T=unsigned int
E:\Studioul Vizual\Drunk Driving Simulator\main.cpp(628,66): warning C4244:         ]
E:\Studioul Vizual\Drunk Driving Simulator\main.cpp(628,47): warning C4244: 'argument': conversion from 'T' to 'float', possible loss of data
E:\Studioul Vizual\Drunk Driving Simulator\main.cpp(628,47): warning C4244:         with
E:\Studioul Vizual\Drunk Driving Simulator\main.cpp(628,47): warning C4244:         [
E:\Studioul Vizual\Drunk Driving Simulator\main.cpp(628,47): warning C4244:             T=unsigned int
E:\Studioul Vizual\Drunk Driving Simulator\main.cpp(628,47): warning C4244:         ]
E:\Studioul Vizual\Drunk Driving Simulator\main.cpp(657,66): warning C4244: 'argument': conversion from 'T' to 'float', possible loss of data
E:\Studioul Vizual\Drunk Driving Simulator\main.cpp(657,66): warning C4244:         with
E:\Studioul Vizual\Drunk Driving Simulator\main.cpp(657,66): warning C4244:         [
E:\Studioul Vizual\Drunk Driving Simulator\main.cpp(657,66): warning C4244:             T=unsigned int
E:\Studioul Vizual\Drunk Driving Simulator\main.cpp(657,66): warning C4244:         ]
E:\Studioul Vizual\Drunk Driving Simulator\main.cpp(657,46): warning C4244: 'argument': conversion from 'T' to 'float', possible loss of data
E:\Studioul Vizual\Drunk Driving Simulator\main.cpp(657,46): warning C4244:         with
E:\Studioul Vizual\Drunk Driving Simulator\main.cpp(657,46): warning C4244:         [
E:\Studioul Vizual\Drunk Driving Simulator\main.cpp(657,46): warning C4244:             T=unsigned int
E:\Studioul Vizual\Drunk Driving Simulator\main.cpp(657,46): warning C4244:         ]
E:\Studioul Vizual\Drunk Driving Simulator\main.cpp(671,63): warning C4244: 'argument': conversion from 'T' to 'float', possible loss of data
E:\Studioul Vizual\Drunk Driving Simulator\main.cpp(671,63): warning C4244:         with
E:\Studioul Vizual\Drunk Driving Simulator\main.cpp(671,63): warning C4244:         [
E:\Studioul Vizual\Drunk Driving Simulator\main.cpp(671,63): warning C4244:             T=unsigned int
E:\Studioul Vizual\Drunk Driving Simulator\main.cpp(671,63): warning C4244:         ]
E:\Studioul Vizual\Drunk Driving Simulator\main.cpp(671,44): warning C4244: 'argument': conversion from 'T' to 'float', possible loss of data
E:\Studioul Vizual\Drunk Driving Simulator\main.cpp(671,44): warning C4244:         with
E:\Studioul Vizual\Drunk Driving Simulator\main.cpp(671,44): warning C4244:         [
E:\Studioul Vizual\Drunk Driving Simulator\main.cpp(671,44): warning C4244:             T=unsigned int
E:\Studioul Vizual\Drunk Driving Simulator\main.cpp(671,44): warning C4244:         ]
E:\Studioul Vizual\Drunk Driving Simulator\main.cpp(677,59): warning C4244: 'argument': conversion from 'T' to 'float', possible loss of data
E:\Studioul Vizual\Drunk Driving Simulator\main.cpp(677,59): warning C4244:         with
E:\Studioul Vizual\Drunk Driving Simulator\main.cpp(677,59): warning C4244:         [
E:\Studioul Vizual\Drunk Driving Simulator\main.cpp(677,59): warning C4244:             T=unsigned int
E:\Studioul Vizual\Drunk Driving Simulator\main.cpp(677,59): warning C4244:         ]
E:\Studioul Vizual\Drunk Driving Simulator\main.cpp(677,40): warning C4244: 'argument': conversion from 'T' to 'float', possible loss of data
E:\Studioul Vizual\Drunk Driving Simulator\main.cpp(677,40): warning C4244:         with
E:\Studioul Vizual\Drunk Driving Simulator\main.cpp(677,40): warning C4244:         [
E:\Studioul Vizual\Drunk Driving Simulator\main.cpp(677,40): warning C4244:             T=unsigned int
E:\Studioul Vizual\Drunk Driving Simulator\main.cpp(677,40): warning C4244:         ]
E:\Studioul Vizual\Drunk Driving Simulator\main.cpp(831,80): warning C4244: 'argument': conversion from 'T' to 'float', possible loss of data
E:\Studioul Vizual\Drunk Driving Simulator\main.cpp(831,80): warning C4244:         with
E:\Studioul Vizual\Drunk Driving Simulator\main.cpp(831,80): warning C4244:         [
E:\Studioul Vizual\Drunk Driving Simulator\main.cpp(831,80): warning C4244:             T=unsigned int
E:\Studioul Vizual\Drunk Driving Simulator\main.cpp(831,80): warning C4244:         ]
E:\Studioul Vizual\Drunk Driving Simulator\main.cpp(831,53): warning C4244: 'argument': conversion from 'T' to 'float', possible loss of data
E:\Studioul Vizual\Drunk Driving Simulator\main.cpp(831,53): warning C4244:         with
E:\Studioul Vizual\Drunk Driving Simulator\main.cpp(831,53): warning C4244:         [
E:\Studioul Vizual\Drunk Driving Simulator\main.cpp(831,53): warning C4244:             T=unsigned int
E:\Studioul Vizual\Drunk Driving Simulator\main.cpp(831,53): warning C4244:         ]
E:\Studioul Vizual\Drunk Driving Simulator\main.cpp(875,72): warning C4244: 'argument': conversion from 'T' to 'float', possible loss of data
E:\Studioul Vizual\Drunk Driving Simulator\main.cpp(875,72): warning C4244:         with
E:\Studioul Vizual\Drunk Driving Simulator\main.cpp(875,72): warning C4244:         [
E:\Studioul Vizual\Drunk Driving Simulator\main.cpp(875,72): warning C4244:             T=unsigned int
E:\Studioul Vizual\Drunk Driving Simulator\main.cpp(875,72): warning C4244:         ]
E:\Studioul Vizual\Drunk Driving Simulator\main.cpp(875,50): warning C4244: 'argument': conversion from 'T' to 'float', possible loss of data
E:\Studioul Vizual\Drunk Driving Simulator\main.cpp(875,50): warning C4244:         with
E:\Studioul Vizual\Drunk Driving Simulator\main.cpp(875,50): warning C4244:         [
E:\Studioul Vizual\Drunk Driving Simulator\main.cpp(875,50): warning C4244:             T=unsigned int
E:\Studioul Vizual\Drunk Driving Simulator\main.cpp(875,50): warning C4244:         ]
E:\Studioul Vizual\Drunk Driving Simulator\main.cpp(889,75): warning C4244: 'argument': conversion from 'T' to 'float', possible loss of data
E:\Studioul Vizual\Drunk Driving Simulator\main.cpp(889,75): warning C4244:         with
E:\Studioul Vizual\Drunk Driving Simulator\main.cpp(889,75): warning C4244:         [
E:\Studioul Vizual\Drunk Driving Simulator\main.cpp(889,75): warning C4244:             T=unsigned int
E:\Studioul Vizual\Drunk Driving Simulator\main.cpp(889,75): warning C4244:         ]
E:\Studioul Vizual\Drunk Driving Simulator\main.cpp(889,52): warning C4244: 'argument': conversion from 'T' to 'float', possible loss of data
E:\Studioul Vizual\Drunk Driving Simulator\main.cpp(889,52): warning C4244:         with
E:\Studioul Vizual\Drunk Driving Simulator\main.cpp(889,52): warning C4244:         [
E:\Studioul Vizual\Drunk Driving Simulator\main.cpp(889,52): warning C4244:             T=unsigned int
E:\Studioul Vizual\Drunk Driving Simulator\main.cpp(889,52): warning C4244:         ]
E:\Studioul Vizual\Drunk Driving Simulator\main.cpp(900,78): warning C4244: 'argument': conversion from 'T' to 'float', possible loss of data
E:\Studioul Vizual\Drunk Driving Simulator\main.cpp(900,78): warning C4244:         with
E:\Studioul Vizual\Drunk Driving Simulator\main.cpp(900,78): warning C4244:         [
E:\Studioul Vizual\Drunk Driving Simulator\main.cpp(900,78): warning C4244:             T=unsigned int
E:\Studioul Vizual\Drunk Driving Simulator\main.cpp(900,78): warning C4244:         ]
E:\Studioul Vizual\Drunk Driving Simulator\main.cpp(900,54): warning C4244: 'argument': conversion from 'T' to 'float', possible loss of data
E:\Studioul Vizual\Drunk Driving Simulator\main.cpp(900,54): warning C4244:         with
E:\Studioul Vizual\Drunk Driving Simulator\main.cpp(900,54): warning C4244:         [
E:\Studioul Vizual\Drunk Driving Simulator\main.cpp(900,54): warning C4244:             T=unsigned int
E:\Studioul Vizual\Drunk Driving Simulator\main.cpp(900,54): warning C4244:         ]
E:\Studioul Vizual\Drunk Driving Simulator\main.cpp(937,72): warning C4244: 'argument': conversion from 'T' to 'float', possible loss of data
E:\Studioul Vizual\Drunk Driving Simulator\main.cpp(937,72): warning C4244:         with
E:\Studioul Vizual\Drunk Driving Simulator\main.cpp(937,72): warning C4244:         [
E:\Studioul Vizual\Drunk Driving Simulator\main.cpp(937,72): warning C4244:             T=unsigned int
E:\Studioul Vizual\Drunk Driving Simulator\main.cpp(937,72): warning C4244:         ]
E:\Studioul Vizual\Drunk Driving Simulator\main.cpp(937,50): warning C4244: 'argument': conversion from 'T' to 'float', possible loss of data
E:\Studioul Vizual\Drunk Driving Simulator\main.cpp(937,50): warning C4244:         with
E:\Studioul Vizual\Drunk Driving Simulator\main.cpp(937,50): warning C4244:         [
E:\Studioul Vizual\Drunk Driving Simulator\main.cpp(937,50): warning C4244:             T=unsigned int
E:\Studioul Vizual\Drunk Driving Simulator\main.cpp(937,50): warning C4244:         ]
E:\Studioul Vizual\Drunk Driving Simulator\main.cpp(945,84): warning C4244: 'argument': conversion from 'T' to 'float', possible loss of data
E:\Studioul Vizual\Drunk Driving Simulator\main.cpp(945,84): warning C4244:         with
E:\Studioul Vizual\Drunk Driving Simulator\main.cpp(945,84): warning C4244:         [
E:\Studioul Vizual\Drunk Driving Simulator\main.cpp(945,84): warning C4244:             T=unsigned int
E:\Studioul Vizual\Drunk Driving Simulator\main.cpp(945,84): warning C4244:         ]
E:\Studioul Vizual\Drunk Driving Simulator\main.cpp(945,58): warning C4244: 'argument': conversion from 'T' to 'float', possible loss of data
E:\Studioul Vizual\Drunk Driving Simulator\main.cpp(945,58): warning C4244:         with
E:\Studioul Vizual\Drunk Driving Simulator\main.cpp(945,58): warning C4244:         [
E:\Studioul Vizual\Drunk Driving Simulator\main.cpp(945,58): warning C4244:             T=unsigned int
E:\Studioul Vizual\Drunk Driving Simulator\main.cpp(945,58): warning C4244:         ]
E:\Studioul Vizual\Drunk Driving Simulator\main.cpp(953,63): warning C4244: 'argument': conversion from 'T' to 'float', possible loss of data
E:\Studioul Vizual\Drunk Driving Simulator\main.cpp(953,63): warning C4244:         with
E:\Studioul Vizual\Drunk Driving Simulator\main.cpp(953,63): warning C4244:         [
E:\Studioul Vizual\Drunk Driving Simulator\main.cpp(953,63): warning C4244:             T=unsigned int
E:\Studioul Vizual\Drunk Driving Simulator\main.cpp(953,63): warning C4244:         ]
E:\Studioul Vizual\Drunk Driving Simulator\main.cpp(953,46): warning C4244: 'argument': conversion from 'T' to 'float', possible loss of data
E:\Studioul Vizual\Drunk Driving Simulator\main.cpp(953,46): warning C4244:         with
E:\Studioul Vizual\Drunk Driving Simulator\main.cpp(953,46): warning C4244:         [
E:\Studioul Vizual\Drunk Driving Simulator\main.cpp(953,46): warning C4244:             T=unsigned int
E:\Studioul Vizual\Drunk Driving Simulator\main.cpp(953,46): warning C4244:         ]
E:\Studioul Vizual\Drunk Driving Simulator\main.cpp(967,66): warning C4244: 'argument': conversion from 'T' to 'float', possible loss of data
E:\Studioul Vizual\Drunk Driving Simulator\main.cpp(967,66): warning C4244:         with
E:\Studioul Vizual\Drunk Driving Simulator\main.cpp(967,66): warning C4244:         [
E:\Studioul Vizual\Drunk Driving Simulator\main.cpp(967,66): warning C4244:             T=unsigned int
E:\Studioul Vizual\Drunk Driving Simulator\main.cpp(967,66): warning C4244:         ]
E:\Studioul Vizual\Drunk Driving Simulator\main.cpp(967,46): warning C4244: 'argument': conversion from 'T' to 'float', possible loss of data
E:\Studioul Vizual\Drunk Driving Simulator\main.cpp(967,46): warning C4244:         with
E:\Studioul Vizual\Drunk Driving Simulator\main.cpp(967,46): warning C4244:         [
E:\Studioul Vizual\Drunk Driving Simulator\main.cpp(967,46): warning C4244:             T=unsigned int
E:\Studioul Vizual\Drunk Driving Simulator\main.cpp(967,46): warning C4244:         ]
E:\Studioul Vizual\Drunk Driving Simulator\main.cpp(970,84): warning C4244: 'argument': conversion from 'T' to 'float', possible loss of data
E:\Studioul Vizual\Drunk Driving Simulator\main.cpp(970,84): warning C4244:         with
E:\Studioul Vizual\Drunk Driving Simulator\main.cpp(970,84): warning C4244:         [
E:\Studioul Vizual\Drunk Driving Simulator\main.cpp(970,84): warning C4244:             T=unsigned int
E:\Studioul Vizual\Drunk Driving Simulator\main.cpp(970,84): warning C4244:         ]
E:\Studioul Vizual\Drunk Driving Simulator\main.cpp(970,58): warning C4244: 'argument': conversion from 'T' to 'float', possible loss of data
E:\Studioul Vizual\Drunk Driving Simulator\main.cpp(970,58): warning C4244:         with
E:\Studioul Vizual\Drunk Driving Simulator\main.cpp(970,58): warning C4244:         [
E:\Studioul Vizual\Drunk Driving Simulator\main.cpp(970,58): warning C4244:             T=unsigned int
E:\Studioul Vizual\Drunk Driving Simulator\main.cpp(970,58): warning C4244:         ]
E:\Studioul Vizual\Drunk Driving Simulator\main.cpp(1039,66): warning C4244: 'argument': conversion from 'T' to 'float', possible loss of data
E:\Studioul Vizual\Drunk Driving Simulator\main.cpp(1039,66): warning C4244:         with
E:\Studioul Vizual\Drunk Driving Simulator\main.cpp(1039,66): warning C4244:         [
E:\Studioul Vizual\Drunk Driving Simulator\main.cpp(1039,66): warning C4244:             T=unsigned int
E:\Studioul Vizual\Drunk Driving Simulator\main.cpp(1039,66): warning C4244:         ]
E:\Studioul Vizual\Drunk Driving Simulator\main.cpp(1046,77): warning C4244: 'argument': conversion from 'T' to 'float', possible loss of data
E:\Studioul Vizual\Drunk Driving Simulator\main.cpp(1046,77): warning C4244:         with
E:\Studioul Vizual\Drunk Driving Simulator\main.cpp(1046,77): warning C4244:         [
E:\Studioul Vizual\Drunk Driving Simulator\main.cpp(1046,77): warning C4244:             T=unsigned int
E:\Studioul Vizual\Drunk Driving Simulator\main.cpp(1046,77): warning C4244:         ]
E:\Studioul Vizual\Drunk Driving Simulator\main.cpp(1046,49): warning C4244: 'argument': conversion from 'T' to 'float', possible loss of data
E:\Studioul Vizual\Drunk Driving Simulator\main.cpp(1046,49): warning C4244:         with
E:\Studioul Vizual\Drunk Driving Simulator\main.cpp(1046,49): warning C4244:         [
E:\Studioul Vizual\Drunk Driving Simulator\main.cpp(1046,49): warning C4244:             T=unsigned int
E:\Studioul Vizual\Drunk Driving Simulator\main.cpp(1046,49): warning C4244:         ]
E:\Studioul Vizual\Drunk Driving Simulator\main.cpp(1050,80): warning C4244: 'argument': conversion from 'T' to 'float', possible loss of data
E:\Studioul Vizual\Drunk Driving Simulator\main.cpp(1050,80): warning C4244:         with
E:\Studioul Vizual\Drunk Driving Simulator\main.cpp(1050,80): warning C4244:         [
E:\Studioul Vizual\Drunk Driving Simulator\main.cpp(1050,80): warning C4244:             T=unsigned int
E:\Studioul Vizual\Drunk Driving Simulator\main.cpp(1050,80): warning C4244:         ]
E:\Studioul Vizual\Drunk Driving Simulator\main.cpp(1050,51): warning C4244: 'argument': conversion from 'T' to 'float', possible loss of data
E:\Studioul Vizual\Drunk Driving Simulator\main.cpp(1050,51): warning C4244:         with
E:\Studioul Vizual\Drunk Driving Simulator\main.cpp(1050,51): warning C4244:         [
E:\Studioul Vizual\Drunk Driving Simulator\main.cpp(1050,51): warning C4244:             T=unsigned int
E:\Studioul Vizual\Drunk Driving Simulator\main.cpp(1050,51): warning C4244:         ]
E:\Studioul Vizual\Drunk Driving Simulator\main.cpp(1054,92): warning C4244: 'argument': conversion from 'T' to 'float', possible loss of data
E:\Studioul Vizual\Drunk Driving Simulator\main.cpp(1054,92): warning C4244:         with
E:\Studioul Vizual\Drunk Driving Simulator\main.cpp(1054,92): warning C4244:         [
E:\Studioul Vizual\Drunk Driving Simulator\main.cpp(1054,92): warning C4244:             T=unsigned int
E:\Studioul Vizual\Drunk Driving Simulator\main.cpp(1054,92): warning C4244:         ]
E:\Studioul Vizual\Drunk Driving Simulator\main.cpp(1054,59): warning C4244: 'argument': conversion from 'T' to 'float', possible loss of data
E:\Studioul Vizual\Drunk Driving Simulator\main.cpp(1054,59): warning C4244:         with
E:\Studioul Vizual\Drunk Driving Simulator\main.cpp(1054,59): warning C4244:         [
E:\Studioul Vizual\Drunk Driving Simulator\main.cpp(1054,59): warning C4244:             T=unsigned int
E:\Studioul Vizual\Drunk Driving Simulator\main.cpp(1054,59): warning C4244:         ]
E:\Studioul Vizual\Drunk Driving Simulator\main.cpp(1102,44): warning C4244: 'argument': conversion from 'T' to 'float', possible loss of data
E:\Studioul Vizual\Drunk Driving Simulator\main.cpp(1102,44): warning C4244:         with
E:\Studioul Vizual\Drunk Driving Simulator\main.cpp(1102,44): warning C4244:         [
E:\Studioul Vizual\Drunk Driving Simulator\main.cpp(1102,44): warning C4244:             T=unsigned int
E:\Studioul Vizual\Drunk Driving Simulator\main.cpp(1102,44): warning C4244:         ]
E:\Studioul Vizual\Drunk Driving Simulator\main.cpp(1104,29): warning C4244: 'argument': conversion from 'int' to 'float', possible loss of data
E:\Studioul Vizual\Drunk Driving Simulator\main.cpp(1105,29): warning C4244: 'argument': conversion from 'int' to 'float', possible loss of data
E:\Studioul Vizual\Drunk Driving Simulator\main.cpp(393,79): warning C4390: ';': empty controlled statement found; is this the intent?
E:\Studioul Vizual\Drunk Driving Simulator\main.cpp(397,78): warning C4390: ';': empty controlled statement found; is this the intent?
E:\Studioul Vizual\Drunk Driving Simulator\main.cpp(401,79): warning C4390: ';': empty controlled statement found; is this the intent?
E:\Studioul Vizual\Drunk Driving Simulator\main.cpp(405,78): warning C4390: ';': empty controlled statement found; is this the intent?
E:\Studioul Vizual\Drunk Driving Simulator\main.cpp(411,70): warning C4390: ';': empty controlled statement found; is this the intent?
E:\Studioul Vizual\Drunk Driving Simulator\main.cpp(412,80): warning C4390: ';': empty controlled statement found; is this the intent?
E:\Studioul Vizual\Drunk Driving Simulator\main.cpp(413,72): warning C4390: ';': empty controlled statement found; is this the intent?
E:\Studioul Vizual\Drunk Driving Simulator\main.cpp(414,82): warning C4390: ';': empty controlled statement found; is this the intent?
E:\Studioul Vizual\Drunk Driving Simulator\main.cpp(415,72): warning C4390: ';': empty controlled statement found; is this the intent?
E:\Studioul Vizual\Drunk Driving Simulator\main.cpp(416,82): warning C4390: ';': empty controlled statement found; is this the intent?
E:\Studioul Vizual\Drunk Driving Simulator\main.cpp(418,70): warning C4390: ';': empty controlled statement found; is this the intent?
E:\Studioul Vizual\Drunk Driving Simulator\main.cpp(419,72): warning C4390: ';': empty controlled statement found; is this the intent?
E:\Studioul Vizual\Drunk Driving Simulator\main.cpp(424,78): warning C4390: ';': empty controlled statement found; is this the intent?
E:\Studioul Vizual\Drunk Driving Simulator\main.cpp(429,85): warning C4390: ';': empty controlled statement found; is this the intent?
E:\Studioul Vizual\Drunk Driving Simulator\main.cpp(432,87): warning C4390: ';': empty controlled statement found; is this the intent?
E:\Studioul Vizual\Drunk Driving Simulator\main.cpp(435,55): warning C4390: ';': empty controlled statement found; is this the intent?
E:\Studioul Vizual\Drunk Driving Simulator\main.cpp(436,65): warning C4390: ';': empty controlled statement found; is this the intent?
E:\Studioul Vizual\Drunk Driving Simulator\main.cpp(437,55): warning C4390: ';': empty controlled statement found; is this the intent?
E:\Studioul Vizual\Drunk Driving Simulator\main.cpp(438,63): warning C4390: ';': empty controlled statement found; is this the intent?
E:\Studioul Vizual\Drunk Driving Simulator\main.cpp(439,59): warning C4390: ';': empty controlled statement found; is this the intent?
E:\Studioul Vizual\Drunk Driving Simulator\main.cpp(440,59): warning C4390: ';': empty controlled statement found; is this the intent?
E:\Studioul Vizual\Drunk Driving Simulator\main.cpp(558,55): warning C4390: ';': empty controlled statement found; is this the intent?
E:\Studioul Vizual\Drunk Driving Simulator\main.cpp(562,56): warning C4390: ';': empty controlled statement found; is this the intent?
E:\Studioul Vizual\Drunk Driving Simulator\main.cpp(577,52): warning C4390: ';': empty controlled statement found; is this the intent?
E:\Studioul Vizual\Drunk Driving Simulator\main.cpp(588,52): warning C4390: ';': empty controlled statement found; is this the intent?
E:\Studioul Vizual\Drunk Driving Simulator\main.cpp(597,54): warning C4390: ';': empty controlled statement found; is this the intent?
E:\Studioul Vizual\Drunk Driving Simulator\main.cpp(612,60): warning C4390: ';': empty controlled statement found; is this the intent?
E:\Studioul Vizual\Drunk Driving Simulator\main.cpp(623,74): warning C4390: ';': empty controlled statement found; is this the intent?
E:\Studioul Vizual\Drunk Driving Simulator\main.cpp(631,83): warning C4390: ';': empty controlled statement found; is this the intent?
E:\Studioul Vizual\Drunk Driving Simulator\main.cpp(632,93): warning C4390: ';': empty controlled statement found; is this the intent?
E:\Studioul Vizual\Drunk Driving Simulator\main.cpp(633,83): warning C4390: ';': empty controlled statement found; is this the intent?
E:\Studioul Vizual\Drunk Driving Simulator\main.cpp(634,90): warning C4390: ';': empty controlled statement found; is this the intent?
E:\Studioul Vizual\Drunk Driving Simulator\main.cpp(635,96): warning C4390: ';': empty controlled statement found; is this the intent?
E:\Studioul Vizual\Drunk Driving Simulator\main.cpp(642,48): warning C4390: ';': empty controlled statement found; is this the intent?
E:\Studioul Vizual\Drunk Driving Simulator\main.cpp(654,49): warning C4390: ';': empty controlled statement found; is this the intent?
E:\Studioul Vizual\Drunk Driving Simulator\main.cpp(660,88): warning C4390: ';': empty controlled statement found; is this the intent?
E:\Studioul Vizual\Drunk Driving Simulator\main.cpp(661,88): warning C4390: ';': empty controlled statement found; is this the intent?
E:\Studioul Vizual\Drunk Driving Simulator\main.cpp(668,48): warning C4390: ';': empty controlled statement found; is this the intent?
E:\Studioul Vizual\Drunk Driving Simulator\main.cpp(674,72): warning C4390: ';': empty controlled statement found; is this the intent?
E:\Studioul Vizual\Drunk Driving Simulator\main.cpp(679,74): warning C4390: ';': empty controlled statement found; is this the intent?
E:\Studioul Vizual\Drunk Driving Simulator\main.cpp(682,66): warning C4390: ';': empty controlled statement found; is this the intent?
E:\Studioul Vizual\Drunk Driving Simulator\main.cpp(694,53): warning C4390: ';': empty controlled statement found; is this the intent?
E:\Studioul Vizual\Drunk Driving Simulator\main.cpp(705,54): warning C4390: ';': empty controlled statement found; is this the intent?
E:\Studioul Vizual\Drunk Driving Simulator\main.cpp(708,68): warning C4390: ';': empty controlled statement found; is this the intent?
E:\Studioul Vizual\Drunk Driving Simulator\main.cpp(711,74): warning C4390: ';': empty controlled statement found; is this the intent?
E:\Studioul Vizual\Drunk Driving Simulator\main.cpp(715,68): warning C4390: ';': empty controlled statement found; is this the intent?
E:\Studioul Vizual\Drunk Driving Simulator\main.cpp(717,66): warning C4390: ';': empty controlled statement found; is this the intent?
E:\Studioul Vizual\Drunk Driving Simulator\main.cpp(725,52): warning C4390: ';': empty controlled statement found; is this the intent?
E:\Studioul Vizual\Drunk Driving Simulator\main.cpp(729,70): warning C4390: ';': empty controlled statement found; is this the intent?
E:\Studioul Vizual\Drunk Driving Simulator\main.cpp(731,81): warning C4390: ';': empty controlled statement found; is this the intent?
E:\Studioul Vizual\Drunk Driving Simulator\main.cpp(733,68): warning C4390: ';': empty controlled statement found; is this the intent?
E:\Studioul Vizual\Drunk Driving Simulator\main.cpp(736,75): warning C4390: ';': empty controlled statement found; is this the intent?
E:\Studioul Vizual\Drunk Driving Simulator\main.cpp(738,65): warning C4390: ';': empty controlled statement found; is this the intent?
E:\Studioul Vizual\Drunk Driving Simulator\main.cpp(742,79): warning C4390: ';': empty controlled statement found; is this the intent?
E:\Studioul Vizual\Drunk Driving Simulator\main.cpp(744,81): warning C4390: ';': empty controlled statement found; is this the intent?
E:\Studioul Vizual\Drunk Driving Simulator\main.cpp(746,68): warning C4390: ';': empty controlled statement found; is this the intent?
E:\Studioul Vizual\Drunk Driving Simulator\main.cpp(748,70): warning C4390: ';': empty controlled statement found; is this the intent?
E:\Studioul Vizual\Drunk Driving Simulator\main.cpp(751,68): warning C4390: ';': empty controlled statement found; is this the intent?
E:\Studioul Vizual\Drunk Driving Simulator\main.cpp(753,70): warning C4390: ';': empty controlled statement found; is this the intent?
E:\Studioul Vizual\Drunk Driving Simulator\main.cpp(755,72): warning C4390: ';': empty controlled statement found; is this the intent?
E:\Studioul Vizual\Drunk Driving Simulator\main.cpp(757,79): warning C4390: ';': empty controlled statement found; is this the intent?
E:\Studioul Vizual\Drunk Driving Simulator\main.cpp(759,83): warning C4390: ';': empty controlled statement found; is this the intent?
E:\Studioul Vizual\Drunk Driving Simulator\main.cpp(761,70): warning C4390: ';': empty controlled statement found; is this the intent?
E:\Studioul Vizual\Drunk Driving Simulator\main.cpp(763,66): warning C4390: ';': empty controlled statement found; is this the intent?
E:\Studioul Vizual\Drunk Driving Simulator\main.cpp(765,72): warning C4390: ';': empty controlled statement found; is this the intent?
E:\Studioul Vizual\Drunk Driving Simulator\main.cpp(767,75): warning C4390: ';': empty controlled statement found; is this the intent?
E:\Studioul Vizual\Drunk Driving Simulator\main.cpp(769,66): warning C4390: ';': empty controlled statement found; is this the intent?
E:\Studioul Vizual\Drunk Driving Simulator\main.cpp(771,66): warning C4390: ';': empty controlled statement found; is this the intent?
E:\Studioul Vizual\Drunk Driving Simulator\main.cpp(773,66): warning C4390: ';': empty controlled statement found; is this the intent?
E:\Studioul Vizual\Drunk Driving Simulator\main.cpp(775,73): warning C4390: ';': empty controlled statement found; is this the intent?
E:\Studioul Vizual\Drunk Driving Simulator\main.cpp(777,71): warning C4390: ';': empty controlled statement found; is this the intent?
E:\Studioul Vizual\Drunk Driving Simulator\main.cpp(779,66): warning C4390: ';': empty controlled statement found; is this the intent?
E:\Studioul Vizual\Drunk Driving Simulator\main.cpp(781,72): warning C4390: ';': empty controlled statement found; is this the intent?
E:\Studioul Vizual\Drunk Driving Simulator\main.cpp(783,64): warning C4390: ';': empty controlled statement found; is this the intent?
E:\Studioul Vizual\Drunk Driving Simulator\main.cpp(785,76): warning C4390: ';': empty controlled statement found; is this the intent?
E:\Studioul Vizual\Drunk Driving Simulator\main.cpp(787,68): warning C4390: ';': empty controlled statement found; is this the intent?
E:\Studioul Vizual\Drunk Driving Simulator\main.cpp(789,74): warning C4390: ';': empty controlled statement found; is this the intent?
E:\Studioul Vizual\Drunk Driving Simulator\main.cpp(791,76): warning C4390: ';': empty controlled statement found; is this the intent?
E:\Studioul Vizual\Drunk Driving Simulator\main.cpp(793,77): warning C4390: ';': empty controlled statement found; is this the intent?
E:\Studioul Vizual\Drunk Driving Simulator\main.cpp(795,66): warning C4390: ';': empty controlled statement found; is this the intent?
E:\Studioul Vizual\Drunk Driving Simulator\main.cpp(797,72): warning C4390: ';': empty controlled statement found; is this the intent?
E:\Studioul Vizual\Drunk Driving Simulator\main.cpp(799,70): warning C4390: ';': empty controlled statement found; is this the intent?
E:\Studioul Vizual\Drunk Driving Simulator\main.cpp(801,77): warning C4390: ';': empty controlled statement found; is this the intent?
E:\Studioul Vizual\Drunk Driving Simulator\main.cpp(803,75): warning C4390: ';': empty controlled statement found; is this the intent?
E:\Studioul Vizual\Drunk Driving Simulator\main.cpp(805,75): warning C4390: ';': empty controlled statement found; is this the intent?
E:\Studioul Vizual\Drunk Driving Simulator\main.cpp(807,72): warning C4390: ';': empty controlled statement found; is this the intent?
E:\Studioul Vizual\Drunk Driving Simulator\main.cpp(809,66): warning C4390: ';': empty controlled statement found; is this the intent?
E:\Studioul Vizual\Drunk Driving Simulator\main.cpp(811,64): warning C4390: ';': empty controlled statement found; is this the intent?
E:\Studioul Vizual\Drunk Driving Simulator\main.cpp(820,52): warning C4390: ';': empty controlled statement found; is this the intent?
E:\Studioul Vizual\Drunk Driving Simulator\main.cpp(829,80): warning C4390: ';': empty controlled statement found; is this the intent?
E:\Studioul Vizual\Drunk Driving Simulator\main.cpp(870,71): warning C4390: ';': empty controlled statement found; is this the intent?
E:\Studioul Vizual\Drunk Driving Simulator\main.cpp(878,75): warning C4390: ';': empty controlled statement found; is this the intent?
E:\Studioul Vizual\Drunk Driving Simulator\main.cpp(886,52): warning C4390: ';': empty controlled statement found; is this the intent?
E:\Studioul Vizual\Drunk Driving Simulator\main.cpp(897,53): warning C4390: ';': empty controlled statement found; is this the intent?
E:\Studioul Vizual\Drunk Driving Simulator\main.cpp(908,52): warning C4390: ';': empty controlled statement found; is this the intent?
E:\Studioul Vizual\Drunk Driving Simulator\main.cpp(918,53): warning C4390: ';': empty controlled statement found; is this the intent?
E:\Studioul Vizual\Drunk Driving Simulator\main.cpp(923,68): warning C4390: ';': empty controlled statement found; is this the intent?
E:\Studioul Vizual\Drunk Driving Simulator\main.cpp(924,75): warning C4390: ';': empty controlled statement found; is this the intent?
E:\Studioul Vizual\Drunk Driving Simulator\main.cpp(928,80): warning C4390: ';': empty controlled statement found; is this the intent?
E:\Studioul Vizual\Drunk Driving Simulator\main.cpp(932,73): warning C4390: ';': empty controlled statement found; is this the intent?
E:\Studioul Vizual\Drunk Driving Simulator\main.cpp(940,82): warning C4390: ';': empty controlled statement found; is this the intent?
E:\Studioul Vizual\Drunk Driving Simulator\main.cpp(948,69): warning C4390: ';': empty controlled statement found; is this the intent?
E:\Studioul Vizual\Drunk Driving Simulator\main.cpp(956,72): warning C4390: ';': empty controlled statement found; is this the intent?
E:\Studioul Vizual\Drunk Driving Simulator\main.cpp(959,84): warning C4390: ';': empty controlled statement found; is this the intent?
E:\Studioul Vizual\Drunk Driving Simulator\main.cpp(960,84): warning C4390: ';': empty controlled statement found; is this the intent?
E:\Studioul Vizual\Drunk Driving Simulator\main.cpp(962,69): warning C4390: ';': empty controlled statement found; is this the intent?
E:\Studioul Vizual\Drunk Driving Simulator\main.cpp(984,50): warning C4390: ';': empty controlled statement found; is this the intent?
E:\Studioul Vizual\Drunk Driving Simulator\main.cpp(992,54): warning C4390: ';': empty controlled statement found; is this the intent?
E:\Studioul Vizual\Drunk Driving Simulator\main.cpp(995,69): warning C4390: ';': empty controlled statement found; is this the intent?
E:\Studioul Vizual\Drunk Driving Simulator\main.cpp(998,68): warning C4390: ';': empty controlled statement found; is this the intent?
E:\Studioul Vizual\Drunk Driving Simulator\main.cpp(999,78): warning C4390: ';': empty controlled statement found; is this the intent?
E:\Studioul Vizual\Drunk Driving Simulator\main.cpp(1003,76): warning C4390: ';': empty controlled statement found; is this the intent?
E:\Studioul Vizual\Drunk Driving Simulator\main.cpp(1004,86): warning C4390: ';': empty controlled statement found; is this the intent?
E:\Studioul Vizual\Drunk Driving Simulator\main.cpp(1005,78): warning C4390: ';': empty controlled statement found; is this the intent?
E:\Studioul Vizual\Drunk Driving Simulator\main.cpp(1019,62): warning C4390: ';': empty controlled statement found; is this the intent?
E:\Studioul Vizual\Drunk Driving Simulator\main.cpp(1034,61): warning C4390: ';': empty controlled statement found; is this the intent?
E:\Studioul Vizual\Drunk Driving Simulator\main.cpp(1044,71): warning C4390: ';': empty controlled statement found; is this the intent?
E:\Studioul Vizual\Drunk Driving Simulator\main.cpp(1048,73): warning C4390: ';': empty controlled statement found; is this the intent?
E:\Studioul Vizual\Drunk Driving Simulator\main.cpp(1052,81): warning C4390: ';': empty controlled statement found; is this the intent?
E:\Studioul Vizual\Drunk Driving Simulator\main.cpp(1056,75): warning C4390: ';': empty controlled statement found; is this the intent?
E:\Studioul Vizual\Drunk Driving Simulator\main.cpp(1057,75): warning C4390: ';': empty controlled statement found; is this the intent?
E:\Studioul Vizual\Drunk Driving Simulator\main.cpp(1058,75): warning C4390: ';': empty controlled statement found; is this the intent?
E:\Studioul Vizual\Drunk Driving Simulator\main.cpp(1059,75): warning C4390: ';': empty controlled statement found; is this the intent?
E:\Studioul Vizual\Drunk Driving Simulator\main.cpp(1060,82): warning C4390: ';': empty controlled statement found; is this the intent?
E:\Studioul Vizual\Drunk Driving Simulator\main.cpp(1061,82): warning C4390: ';': empty controlled statement found; is this the intent?
E:\Studioul Vizual\Drunk Driving Simulator\main.cpp(1064,78): warning C4390: ';': empty controlled statement found; is this the intent?
E:\Studioul Vizual\Drunk Driving Simulator\main.cpp(1066,70): warning C4390: ';': empty controlled statement found; is this the intent?
E:\Studioul Vizual\Drunk Driving Simulator\main.cpp(1068,71): warning C4390: ';': empty controlled statement found; is this the intent?
E:\Studioul Vizual\Drunk Driving Simulator\main.cpp(1069,83): warning C4390: ';': empty controlled statement found; is this the intent?
E:\Studioul Vizual\Drunk Driving Simulator\main.cpp(1071,80): warning C4390: ';': empty controlled statement found; is this the intent?
E:\Studioul Vizual\Drunk Driving Simulator\main.cpp(1072,87): warning C4390: ';': empty controlled statement found; is this the intent?
E:\Studioul Vizual\Drunk Driving Simulator\main.cpp(1073,89): warning C4390: ';': empty controlled statement found; is this the intent?
E:\Studioul Vizual\Drunk Driving Simulator\main.cpp(1074,69): warning C4390: ';': empty controlled statement found; is this the intent?
E:\Studioul Vizual\Drunk Driving Simulator\main.cpp(1076,67): warning C4390: ';': empty controlled statement found; is this the intent?
E:\Studioul Vizual\Drunk Driving Simulator\main.cpp(1078,71): warning C4390: ';': empty controlled statement found; is this the intent?
E:\Studioul Vizual\Drunk Driving Simulator\main.cpp(1080,65): warning C4390: ';': empty controlled statement found; is this the intent?
E:\Studioul Vizual\Drunk Driving Simulator\main.cpp(1082,65): warning C4390: ';': empty controlled statement found; is this the intent?
E:\Studioul Vizual\Drunk Driving Simulator\main.cpp(1084,63): warning C4390: ';': empty controlled statement found; is this the intent?
E:\Studioul Vizual\Drunk Driving Simulator\main.cpp(1086,63): warning C4390: ';': empty controlled statement found; is this the intent?
E:\Studioul Vizual\Drunk Driving Simulator\main.cpp(1088,71): warning C4390: ';': empty controlled statement found; is this the intent?
E:\Studioul Vizual\Drunk Driving Simulator\main.cpp(1090,84): warning C4390: ';': empty controlled statement found; is this the intent?
E:\Studioul Vizual\Drunk Driving Simulator\main.cpp(1093,65): warning C4390: ';': empty controlled statement found; is this the intent?
E:\Studioul Vizual\Drunk Driving Simulator\main.cpp(1098,67): warning C4390: ';': empty controlled statement found; is this the intent?
E:\Studioul Vizual\Drunk Driving Simulator\main.cpp(1100,67): warning C4390: ';': empty controlled statement found; is this the intent?
E:\Studioul Vizual\Drunk Driving Simulator\main.cpp(1106,65): warning C4390: ';': empty controlled statement found; is this the intent?
E:\Studioul Vizual\Drunk Driving Simulator\main.cpp(1140,53): warning C4390: ';': empty controlled statement found; is this the intent?
E:\Studioul Vizual\Drunk Driving Simulator\main.cpp(1145,59): warning C4390: ';': empty controlled statement found; is this the intent?
E:\Studioul Vizual\Drunk Driving Simulator\main.cpp(1157,47): warning C4390: ';': empty controlled statement found; is this the intent?
E:\Studioul Vizual\Drunk Driving Simulator\main.cpp(1329,18): warning C4244: '=': conversion from 'long double' to '__int64', possible loss of data
E:\Studioul Vizual\Drunk Driving Simulator\main.cpp(1471,12): warning C4101: 'j': unreferenced local variable
E:\Studioul Vizual\Drunk Driving Simulator\main.cpp(1496,12): warning C4101: 'j': unreferenced local variable
E:\Studioul Vizual\Drunk Driving Simulator\main.cpp(1586,31): warning C4244: '=': conversion from '__int64' to 'int', possible loss of data
E:\Studioul Vizual\Drunk Driving Simulator\main.cpp(1713,31): warning C4244: '=': conversion from 'int' to 'float', possible loss of data
E:\Studioul Vizual\Drunk Driving Simulator\main.cpp(1718,60): warning C4244: 'argument': conversion from 'const int' to 'float', possible loss of data
E:\Studioul Vizual\Drunk Driving Simulator\main.cpp(1732,68): warning C4244: 'argument': conversion from 'const int' to 'float', possible loss of data
E:\Studioul Vizual\Drunk Driving Simulator\main.cpp(1743,38): warning C4244: '=': conversion from 'float' to 'int', possible loss of data
E:\Studioul Vizual\Drunk Driving Simulator\main.cpp(1802,36): warning C4244: '=': conversion from 'float' to 'int', possible loss of data
E:\Studioul Vizual\Drunk Driving Simulator\main.cpp(1809,47): warning C4244: '=': conversion from 'int' to 'float', possible loss of data
E:\Studioul Vizual\Drunk Driving Simulator\main.cpp(1812,35): warning C4244: '=': conversion from 'float' to 'int', possible loss of data
E:\Studioul Vizual\Drunk Driving Simulator\main.cpp(1814,35): warning C4244: '=': conversion from 'float' to 'int', possible loss of data
E:\Studioul Vizual\Drunk Driving Simulator\main.cpp(1821,26): warning C4244: '=': conversion from 'float' to 'int', possible loss of data
E:\Studioul Vizual\Drunk Driving Simulator\main.cpp(1828,36): warning C4244: '=': conversion from 'float' to 'int', possible loss of data
E:\Studioul Vizual\Drunk Driving Simulator\main.cpp(1835,36): warning C4244: '=': conversion from 'float' to 'int', possible loss of data
E:\Studioul Vizual\Drunk Driving Simulator\main.cpp(1849,36): warning C4244: '=': conversion from 'float' to 'int', possible loss of data
E:\Studioul Vizual\Drunk Driving Simulator\main.cpp(1857,36): warning C4244: '=': conversion from 'float' to 'int', possible loss of data
E:\Studioul Vizual\Drunk Driving Simulator\main.cpp(1867,24): warning C4244: '=': conversion from 'int' to 'float', possible loss of data
E:\Studioul Vizual\Drunk Driving Simulator\main.cpp(1876,48): warning C4244: 'argument': conversion from 'T' to 'float', possible loss of data
E:\Studioul Vizual\Drunk Driving Simulator\main.cpp(1876,48): warning C4244:         with
E:\Studioul Vizual\Drunk Driving Simulator\main.cpp(1876,48): warning C4244:         [
E:\Studioul Vizual\Drunk Driving Simulator\main.cpp(1876,48): warning C4244:             T=unsigned int
E:\Studioul Vizual\Drunk Driving Simulator\main.cpp(1876,48): warning C4244:         ]
E:\Studioul Vizual\Drunk Driving Simulator\main.cpp(1879,54): warning C4244: 'argument': conversion from 'const int' to 'float', possible loss of data
E:\Studioul Vizual\Drunk Driving Simulator\main.cpp(1879,109): warning C4244: 'argument': conversion from 'const int' to 'float', possible loss of data
E:\Studioul Vizual\Drunk Driving Simulator\main.cpp(1881,75): warning C4244: 'argument': conversion from 'const int' to 'float', possible loss of data
E:\Studioul Vizual\Drunk Driving Simulator\main.cpp(1881,36): warning C4244: 'argument': conversion from 'int' to 'float', possible loss of data
E:\Studioul Vizual\Drunk Driving Simulator\main.cpp(1881,151): warning C4244: 'argument': conversion from 'const int' to 'float', possible loss of data
E:\Studioul Vizual\Drunk Driving Simulator\main.cpp(1881,112): warning C4244: 'argument': conversion from 'int' to 'float', possible loss of data
E:\Studioul Vizual\Drunk Driving Simulator\main.cpp(2008,63): warning C4244: 'argument': conversion from 'int' to 'float', possible loss of data
E:\Studioul Vizual\Drunk Driving Simulator\main.cpp(2008,43): warning C4244: 'argument': conversion from 'int' to 'float', possible loss of data
E:\Studioul Vizual\Drunk Driving Simulator\main.cpp(2004,89): warning C4390: ';': empty controlled statement found; is this the intent?
E:\Studioul Vizual\Drunk Driving Simulator\main.cpp(2036,83): warning C4244: 'argument': conversion from 'T' to 'float', possible loss of data
E:\Studioul Vizual\Drunk Driving Simulator\main.cpp(2036,83): warning C4244:         with
E:\Studioul Vizual\Drunk Driving Simulator\main.cpp(2036,83): warning C4244:         [
E:\Studioul Vizual\Drunk Driving Simulator\main.cpp(2036,83): warning C4244:             T=unsigned int
E:\Studioul Vizual\Drunk Driving Simulator\main.cpp(2036,83): warning C4244:         ]
E:\Studioul Vizual\Drunk Driving Simulator\main.cpp(2036,53): warning C4244: 'argument': conversion from 'T' to 'float', possible loss of data
E:\Studioul Vizual\Drunk Driving Simulator\main.cpp(2036,53): warning C4244:         with
E:\Studioul Vizual\Drunk Driving Simulator\main.cpp(2036,53): warning C4244:         [
E:\Studioul Vizual\Drunk Driving Simulator\main.cpp(2036,53): warning C4244:             T=unsigned int
E:\Studioul Vizual\Drunk Driving Simulator\main.cpp(2036,53): warning C4244:         ]
E:\Studioul Vizual\Drunk Driving Simulator\main.cpp(2034,80): warning C4390: ';': empty controlled statement found; is this the intent?
E:\Studioul Vizual\Drunk Driving Simulator\main.cpp(2059,63): warning C4244: 'argument': conversion from 'int' to 'float', possible loss of data
E:\Studioul Vizual\Drunk Driving Simulator\main.cpp(2059,43): warning C4244: 'argument': conversion from 'int' to 'float', possible loss of data
E:\Studioul Vizual\Drunk Driving Simulator\main.cpp(2055,89): warning C4390: ';': empty controlled statement found; is this the intent?
E:\Studioul Vizual\Drunk Driving Simulator\main.cpp(2068,20): warning C4244: 'initializing': conversion from 'long double' to '__int64', possible loss of data
E:\Studioul Vizual\Drunk Driving Simulator\main.cpp(2069,21): warning C4244: 'initializing': conversion from 'T' to '__int64', possible loss of data
E:\Studioul Vizual\Drunk Driving Simulator\main.cpp(2069,21): warning C4244:         with
E:\Studioul Vizual\Drunk Driving Simulator\main.cpp(2069,21): warning C4244:         [
E:\Studioul Vizual\Drunk Driving Simulator\main.cpp(2069,21): warning C4244:             T=float
E:\Studioul Vizual\Drunk Driving Simulator\main.cpp(2069,21): warning C4244:         ]
E:\Studioul Vizual\Drunk Driving Simulator\main.cpp(2142,91): warning C4244: 'argument': conversion from 'const int' to 'float', possible loss of data
E:\Studioul Vizual\Drunk Driving Simulator\main.cpp(2186,54): warning C4244: 'argument': conversion from 'const int' to 'float', possible loss of data
E:\Studioul Vizual\Drunk Driving Simulator\main.cpp(2522,27): warning C4244: 'argument': conversion from 'int' to 'float', possible loss of data
E:\Studioul Vizual\Drunk Driving Simulator\main.cpp(2541,27): warning C4244: 'argument': conversion from 'int' to 'float', possible loss of data
E:\Studioul Vizual\Drunk Driving Simulator\main.cpp(2693,76): warning C4390: ';': empty controlled statement found; is this the intent?
E:\Studioul Vizual\Drunk Driving Simulator\main.cpp(2735,15): warning C4244: 'argument': conversion from 'time_t' to 'unsigned int', possible loss of data
E:\Studioul Vizual\Drunk Driving Simulator\main.cpp(2897,84): warning C4244: 'argument': conversion from 'T' to 'float', possible loss of data
E:\Studioul Vizual\Drunk Driving Simulator\main.cpp(2897,84): warning C4244:         with
E:\Studioul Vizual\Drunk Driving Simulator\main.cpp(2897,84): warning C4244:         [
E:\Studioul Vizual\Drunk Driving Simulator\main.cpp(2897,84): warning C4244:             T=unsigned int
E:\Studioul Vizual\Drunk Driving Simulator\main.cpp(2897,84): warning C4244:         ]
E:\Studioul Vizual\Drunk Driving Simulator\main.cpp(2900,62): warning C4244: 'argument': conversion from 'T' to 'float', possible loss of data
E:\Studioul Vizual\Drunk Driving Simulator\main.cpp(2900,62): warning C4244:         with
E:\Studioul Vizual\Drunk Driving Simulator\main.cpp(2900,62): warning C4244:         [
E:\Studioul Vizual\Drunk Driving Simulator\main.cpp(2900,62): warning C4244:             T=unsigned int
E:\Studioul Vizual\Drunk Driving Simulator\main.cpp(2900,62): warning C4244:         ]
E:\Studioul Vizual\Drunk Driving Simulator\main.cpp(2903,80): warning C4244: 'argument': conversion from 'T' to 'float', possible loss of data
E:\Studioul Vizual\Drunk Driving Simulator\main.cpp(2903,80): warning C4244:         with
E:\Studioul Vizual\Drunk Driving Simulator\main.cpp(2903,80): warning C4244:         [
E:\Studioul Vizual\Drunk Driving Simulator\main.cpp(2903,80): warning C4244:             T=unsigned int
E:\Studioul Vizual\Drunk Driving Simulator\main.cpp(2903,80): warning C4244:         ]
E:\Studioul Vizual\Drunk Driving Simulator\main.cpp(2912,79): warning C4244: 'argument': conversion from 'T' to 'float', possible loss of data
E:\Studioul Vizual\Drunk Driving Simulator\main.cpp(2912,79): warning C4244:         with
E:\Studioul Vizual\Drunk Driving Simulator\main.cpp(2912,79): warning C4244:         [
E:\Studioul Vizual\Drunk Driving Simulator\main.cpp(2912,79): warning C4244:             T=unsigned int
E:\Studioul Vizual\Drunk Driving Simulator\main.cpp(2912,79): warning C4244:         ]
E:\Studioul Vizual\Drunk Driving Simulator\main.cpp(2980,47): warning C4244: '=': conversion from 'int' to 'float', possible loss of data
E:\Studioul Vizual\Drunk Driving Simulator\main.cpp(3049,84): warning C4244: 'argument': conversion from 'T' to 'float', possible loss of data
E:\Studioul Vizual\Drunk Driving Simulator\main.cpp(3049,84): warning C4244:         with
E:\Studioul Vizual\Drunk Driving Simulator\main.cpp(3049,84): warning C4244:         [
E:\Studioul Vizual\Drunk Driving Simulator\main.cpp(3049,84): warning C4244:             T=unsigned int
E:\Studioul Vizual\Drunk Driving Simulator\main.cpp(3049,84): warning C4244:         ]
E:\Studioul Vizual\Drunk Driving Simulator\main.cpp(3052,62): warning C4244: 'argument': conversion from 'T' to 'float', possible loss of data
E:\Studioul Vizual\Drunk Driving Simulator\main.cpp(3052,62): warning C4244:         with
E:\Studioul Vizual\Drunk Driving Simulator\main.cpp(3052,62): warning C4244:         [
E:\Studioul Vizual\Drunk Driving Simulator\main.cpp(3052,62): warning C4244:             T=unsigned int
E:\Studioul Vizual\Drunk Driving Simulator\main.cpp(3052,62): warning C4244:         ]
E:\Studioul Vizual\Drunk Driving Simulator\main.cpp(3055,80): warning C4244: 'argument': conversion from 'T' to 'float', possible loss of data
E:\Studioul Vizual\Drunk Driving Simulator\main.cpp(3055,80): warning C4244:         with
E:\Studioul Vizual\Drunk Driving Simulator\main.cpp(3055,80): warning C4244:         [
E:\Studioul Vizual\Drunk Driving Simulator\main.cpp(3055,80): warning C4244:             T=unsigned int
E:\Studioul Vizual\Drunk Driving Simulator\main.cpp(3055,80): warning C4244:         ]
E:\Studioul Vizual\Drunk Driving Simulator\main.cpp(3064,79): warning C4244: 'argument': conversion from 'T' to 'float', possible loss of data
E:\Studioul Vizual\Drunk Driving Simulator\main.cpp(3064,79): warning C4244:         with
E:\Studioul Vizual\Drunk Driving Simulator\main.cpp(3064,79): warning C4244:         [
E:\Studioul Vizual\Drunk Driving Simulator\main.cpp(3064,79): warning C4244:             T=unsigned int
E:\Studioul Vizual\Drunk Driving Simulator\main.cpp(3064,79): warning C4244:         ]
E:\Studioul Vizual\Drunk Driving Simulator\main.cpp(3096,33): warning C4244: '=': conversion from 'const int' to 'float', possible loss of data
E:\Studioul Vizual\Drunk Driving Simulator\main.cpp(3097,33): warning C4244: '=': conversion from 'const int' to 'float', possible loss of data
E:\Studioul Vizual\Drunk Driving Simulator\main.cpp(3122,30): warning C4244: '+=': conversion from 'float' to 'int', possible loss of data
E:\Studioul Vizual\Drunk Driving Simulator\main.cpp(3131,37): warning C4244: 'argument': conversion from 'int' to 'float', possible loss of data
E:\Studioul Vizual\Drunk Driving Simulator\main.cpp(3132,38): warning C4244: 'argument': conversion from 'int' to 'float', possible loss of data
E:\Studioul Vizual\Drunk Driving Simulator\main.cpp(3142,30): warning C4244: 'argument': conversion from 'int' to 'float', possible loss of data
E:\Studioul Vizual\Drunk Driving Simulator\main.cpp(3143,31): warning C4244: 'argument': conversion from 'int' to 'float', possible loss of data
E:\Studioul Vizual\Drunk Driving Simulator\main.cpp(3352,67): warning C4244: 'argument': conversion from 'const int' to 'float', possible loss of data
E:\Studioul Vizual\Drunk Driving Simulator\main.cpp(3352,54): warning C4244: 'argument': conversion from 'int' to 'float', possible loss of data
E:\Studioul Vizual\Drunk Driving Simulator\main.cpp(3445,58): warning C4244: 'argument': conversion from 'int' to 'float', possible loss of data
E:\Studioul Vizual\Drunk Driving Simulator\main.cpp(3445,51): warning C4244: 'argument': conversion from 'int' to 'float', possible loss of data
E:\Studioul Vizual\Drunk Driving Simulator\main.cpp(3449,62): warning C4244: 'argument': conversion from 'int' to 'float', possible loss of data
E:\Studioul Vizual\Drunk Driving Simulator\main.cpp(3449,55): warning C4244: 'argument': conversion from 'int' to 'float', possible loss of data
E:\Studioul Vizual\Drunk Driving Simulator\main.cpp(3453,62): warning C4244: 'argument': conversion from 'int' to 'float', possible loss of data
E:\Studioul Vizual\Drunk Driving Simulator\main.cpp(3453,49): warning C4244: 'argument': conversion from 'int' to 'float', possible loss of data
E:\Studioul Vizual\Drunk Driving Simulator\main.cpp(3480,83): warning C4244: 'argument': conversion from 'int' to 'float', possible loss of data
E:\Studioul Vizual\Drunk Driving Simulator\main.cpp(3480,63): warning C4244: 'argument': conversion from 'int' to 'float', possible loss of data
E:\Studioul Vizual\Drunk Driving Simulator\main.cpp(3481,85): warning C4244: 'argument': conversion from 'int' to 'float', possible loss of data
E:\Studioul Vizual\Drunk Driving Simulator\main.cpp(3481,66): warning C4244: 'argument': conversion from 'int' to 'float', possible loss of data
E:\Studioul Vizual\Drunk Driving Simulator\main.cpp(3584,109): warning C4244: 'argument': conversion from 'T' to 'float', possible loss of data
E:\Studioul Vizual\Drunk Driving Simulator\main.cpp(3584,109): warning C4244:         with
E:\Studioul Vizual\Drunk Driving Simulator\main.cpp(3584,109): warning C4244:         [
E:\Studioul Vizual\Drunk Driving Simulator\main.cpp(3584,109): warning C4244:             T=unsigned int
E:\Studioul Vizual\Drunk Driving Simulator\main.cpp(3584,109): warning C4244:         ]
E:\Studioul Vizual\Drunk Driving Simulator\main.cpp(3584,81): warning C4244: 'argument': conversion from 'T' to 'float', possible loss of data
E:\Studioul Vizual\Drunk Driving Simulator\main.cpp(3584,81): warning C4244:         with
E:\Studioul Vizual\Drunk Driving Simulator\main.cpp(3584,81): warning C4244:         [
E:\Studioul Vizual\Drunk Driving Simulator\main.cpp(3584,81): warning C4244:             T=unsigned int
E:\Studioul Vizual\Drunk Driving Simulator\main.cpp(3584,81): warning C4244:         ]
E:\Studioul Vizual\Drunk Driving Simulator\main.cpp(3585,136): warning C4244: 'argument': conversion from 'T' to 'float', possible loss of data
E:\Studioul Vizual\Drunk Driving Simulator\main.cpp(3585,136): warning C4244:         with
E:\Studioul Vizual\Drunk Driving Simulator\main.cpp(3585,136): warning C4244:         [
E:\Studioul Vizual\Drunk Driving Simulator\main.cpp(3585,136): warning C4244:             T=unsigned int
E:\Studioul Vizual\Drunk Driving Simulator\main.cpp(3585,136): warning C4244:         ]
E:\Studioul Vizual\Drunk Driving Simulator\main.cpp(3585,87): warning C4244: 'argument': conversion from 'T' to 'float', possible loss of data
E:\Studioul Vizual\Drunk Driving Simulator\main.cpp(3585,87): warning C4244:         with
E:\Studioul Vizual\Drunk Driving Simulator\main.cpp(3585,87): warning C4244:         [
E:\Studioul Vizual\Drunk Driving Simulator\main.cpp(3585,87): warning C4244:             T=unsigned int
E:\Studioul Vizual\Drunk Driving Simulator\main.cpp(3585,87): warning C4244:         ]
E:\Studioul Vizual\Drunk Driving Simulator\main.cpp(3593,48): warning C4244: 'initializing': conversion from 'float' to 'int', possible loss of data
E:\Studioul Vizual\Drunk Driving Simulator\main.cpp(3594,58): warning C4244: '=': conversion from 'float' to 'int', possible loss of data
E:\Studioul Vizual\Drunk Driving Simulator\main.cpp(3614,38): warning C4244: 'argument': conversion from 'int' to 'float', possible loss of data
E:\Studioul Vizual\Drunk Driving Simulator\main.cpp(3615,44): warning C4244: 'argument': conversion from 'int' to 'float', possible loss of data
E:\Studioul Vizual\Drunk Driving Simulator\main.cpp(3720,49): warning C4244: 'argument': conversion from 'int' to 'float', possible loss of data
E:\Studioul Vizual\Drunk Driving Simulator\main.cpp(3782,67): warning C4244: 'argument': conversion from 'int' to 'float', possible loss of data
E:\Studioul Vizual\Drunk Driving Simulator\main.cpp(3861,50): warning C4244: 'argument': conversion from 'int' to 'float', possible loss of data
E:\Studioul Vizual\Drunk Driving Simulator\main.cpp(3883,43): warning C4244: 'argument': conversion from 'int' to 'float', possible loss of data
E:\Studioul Vizual\Drunk Driving Simulator\main.cpp(3900,79): warning C4244: 'argument': conversion from 'int' to 'float', possible loss of data
E:\Studioul Vizual\Drunk Driving Simulator\main.cpp(3900,58): warning C4244: 'argument': conversion from 'T' to 'float', possible loss of data
E:\Studioul Vizual\Drunk Driving Simulator\main.cpp(3900,58): warning C4244:         with
E:\Studioul Vizual\Drunk Driving Simulator\main.cpp(3900,58): warning C4244:         [
E:\Studioul Vizual\Drunk Driving Simulator\main.cpp(3900,58): warning C4244:             T=unsigned int
E:\Studioul Vizual\Drunk Driving Simulator\main.cpp(3900,58): warning C4244:         ]
E:\Studioul Vizual\Drunk Driving Simulator\main.cpp(3912,51): warning C4244: 'argument': conversion from 'int' to 'float', possible loss of data
E:\Studioul Vizual\Drunk Driving Simulator\main.cpp(3917,47): warning C4244: 'argument': conversion from 'int' to 'float', possible loss of data
E:\Studioul Vizual\Drunk Driving Simulator\main.cpp(3997,63): warning C4244: 'argument': conversion from 'int' to 'float', possible loss of data
E:\Studioul Vizual\Drunk Driving Simulator\main.cpp(4008,51): warning C4244: 'argument': conversion from 'int' to 'float', possible loss of data
E:\Studioul Vizual\Drunk Driving Simulator\main.cpp(4027,87): warning C4244: 'argument': conversion from 'int' to 'float', possible loss of data
E:\Studioul Vizual\Drunk Driving Simulator\main.cpp(4027,67): warning C4244: 'argument': conversion from 'int' to 'float', possible loss of data
E:\Studioul Vizual\Drunk Driving Simulator\main.cpp(4137,74): warning C4244: 'argument': conversion from 'int' to 'float', possible loss of data
E:\Studioul Vizual\Drunk Driving Simulator\main.cpp(4137,52): warning C4244: 'argument': conversion from 'T' to 'float', possible loss of data
E:\Studioul Vizual\Drunk Driving Simulator\main.cpp(4137,52): warning C4244:         with
E:\Studioul Vizual\Drunk Driving Simulator\main.cpp(4137,52): warning C4244:         [
E:\Studioul Vizual\Drunk Driving Simulator\main.cpp(4137,52): warning C4244:             T=unsigned int
E:\Studioul Vizual\Drunk Driving Simulator\main.cpp(4137,52): warning C4244:         ]
E:\Studioul Vizual\Drunk Driving Simulator\main.cpp(4174,72): warning C4244: 'argument': conversion from 'int' to 'float', possible loss of data
E:\Studioul Vizual\Drunk Driving Simulator\main.cpp(4174,51): warning C4244: 'argument': conversion from 'T' to 'float', possible loss of data
E:\Studioul Vizual\Drunk Driving Simulator\main.cpp(4174,51): warning C4244:         with
E:\Studioul Vizual\Drunk Driving Simulator\main.cpp(4174,51): warning C4244:         [
E:\Studioul Vizual\Drunk Driving Simulator\main.cpp(4174,51): warning C4244:             T=unsigned int
E:\Studioul Vizual\Drunk Driving Simulator\main.cpp(4174,51): warning C4244:         ]
E:\Studioul Vizual\Drunk Driving Simulator\main.cpp(4299,80): warning C4244: 'argument': conversion from 'int' to 'float', possible loss of data
E:\Studioul Vizual\Drunk Driving Simulator\main.cpp(4299,55): warning C4244: 'argument': conversion from 'T' to 'float', possible loss of data
E:\Studioul Vizual\Drunk Driving Simulator\main.cpp(4299,55): warning C4244:         with
E:\Studioul Vizual\Drunk Driving Simulator\main.cpp(4299,55): warning C4244:         [
E:\Studioul Vizual\Drunk Driving Simulator\main.cpp(4299,55): warning C4244:             T=unsigned int
E:\Studioul Vizual\Drunk Driving Simulator\main.cpp(4299,55): warning C4244:         ]
E:\Studioul Vizual\Drunk Driving Simulator\main.cpp(4307,48): warning C4244: 'argument': conversion from 'int' to 'float', possible loss of data
E:\Studioul Vizual\Drunk Driving Simulator\main.cpp(4332,82): warning C4244: 'argument': conversion from 'int' to 'float', possible loss of data
E:\Studioul Vizual\Drunk Driving Simulator\main.cpp(4332,56): warning C4244: 'argument': conversion from 'T' to 'float', possible loss of data
E:\Studioul Vizual\Drunk Driving Simulator\main.cpp(4332,56): warning C4244:         with
E:\Studioul Vizual\Drunk Driving Simulator\main.cpp(4332,56): warning C4244:         [
E:\Studioul Vizual\Drunk Driving Simulator\main.cpp(4332,56): warning C4244:             T=unsigned int
E:\Studioul Vizual\Drunk Driving Simulator\main.cpp(4332,56): warning C4244:         ]
E:\Studioul Vizual\Drunk Driving Simulator\main.cpp(4340,49): warning C4244: 'argument': conversion from 'int' to 'float', possible loss of data
E:\Studioul Vizual\Drunk Driving Simulator\main.cpp(4492,56): warning C4244: 'argument': conversion from 'T' to 'float', possible loss of data
E:\Studioul Vizual\Drunk Driving Simulator\main.cpp(4492,56): warning C4244:         with
E:\Studioul Vizual\Drunk Driving Simulator\main.cpp(4492,56): warning C4244:         [
E:\Studioul Vizual\Drunk Driving Simulator\main.cpp(4492,56): warning C4244:             T=unsigned int
E:\Studioul Vizual\Drunk Driving Simulator\main.cpp(4492,56): warning C4244:         ]
E:\Studioul Vizual\Drunk Driving Simulator\main.cpp(4496,78): warning C4244: 'argument': conversion from 'T' to 'float', possible loss of data
E:\Studioul Vizual\Drunk Driving Simulator\main.cpp(4496,78): warning C4244:         with
E:\Studioul Vizual\Drunk Driving Simulator\main.cpp(4496,78): warning C4244:         [
E:\Studioul Vizual\Drunk Driving Simulator\main.cpp(4496,78): warning C4244:             T=unsigned int
E:\Studioul Vizual\Drunk Driving Simulator\main.cpp(4496,78): warning C4244:         ]
E:\Studioul Vizual\Drunk Driving Simulator\main.cpp(4496,61): warning C4244: 'argument': conversion from 'T' to 'float', possible loss of data
E:\Studioul Vizual\Drunk Driving Simulator\main.cpp(4496,61): warning C4244:         with
E:\Studioul Vizual\Drunk Driving Simulator\main.cpp(4496,61): warning C4244:         [
E:\Studioul Vizual\Drunk Driving Simulator\main.cpp(4496,61): warning C4244:             T=unsigned int
E:\Studioul Vizual\Drunk Driving Simulator\main.cpp(4496,61): warning C4244:         ]
E:\Studioul Vizual\Drunk Driving Simulator\main.cpp(4498,78): warning C4244: 'argument': conversion from 'T' to 'float', possible loss of data
E:\Studioul Vizual\Drunk Driving Simulator\main.cpp(4498,78): warning C4244:         with
E:\Studioul Vizual\Drunk Driving Simulator\main.cpp(4498,78): warning C4244:         [
E:\Studioul Vizual\Drunk Driving Simulator\main.cpp(4498,78): warning C4244:             T=unsigned int
E:\Studioul Vizual\Drunk Driving Simulator\main.cpp(4498,78): warning C4244:         ]
E:\Studioul Vizual\Drunk Driving Simulator\main.cpp(4498,61): warning C4244: 'argument': conversion from 'T' to 'float', possible loss of data
E:\Studioul Vizual\Drunk Driving Simulator\main.cpp(4498,61): warning C4244:         with
E:\Studioul Vizual\Drunk Driving Simulator\main.cpp(4498,61): warning C4244:         [
E:\Studioul Vizual\Drunk Driving Simulator\main.cpp(4498,61): warning C4244:             T=unsigned int
E:\Studioul Vizual\Drunk Driving Simulator\main.cpp(4498,61): warning C4244:         ]
E:\Studioul Vizual\Drunk Driving Simulator\main.cpp(4507,69): warning C4244: 'argument': conversion from 'const int' to 'float', possible loss of data
E:\Studioul Vizual\Drunk Driving Simulator\main.cpp(4736,60): warning C4244: 'argument': conversion from 'int' to 'float', possible loss of data
E:\Studioul Vizual\Drunk Driving Simulator\main.cpp(4737,62): warning C4244: 'argument': conversion from 'int' to 'float', possible loss of data
E:\Studioul Vizual\Drunk Driving Simulator\main.cpp(5039,67): warning C4267: '=': conversion from 'size_t' to 'int', possible loss of data
E:\Studioul Vizual\Drunk Driving Simulator\main.cpp(5069,48): warning C4244: 'argument': conversion from 'int' to 'float', possible loss of data
E:\Studioul Vizual\Drunk Driving Simulator\main.cpp(5070,48): warning C4244: 'argument': conversion from 'int' to 'float', possible loss of data
E:\Studioul Vizual\Drunk Driving Simulator\main.cpp(5071,51): warning C4244: 'argument': conversion from 'int' to 'float', possible loss of data
E:\Studioul Vizual\Drunk Driving Simulator\main.cpp(5072,51): warning C4244: 'argument': conversion from 'int' to 'float', possible loss of data
E:\Studioul Vizual\Drunk Driving Simulator\main.cpp(5104,45): warning C4244: 'argument': conversion from 'int' to 'float', possible loss of data
E:\Studioul Vizual\Drunk Driving Simulator\main.cpp(5105,45): warning C4244: 'argument': conversion from 'int' to 'float', possible loss of data
E:\Studioul Vizual\Drunk Driving Simulator\main.cpp(5106,48): warning C4244: 'argument': conversion from 'int' to 'float', possible loss of data
E:\Studioul Vizual\Drunk Driving Simulator\main.cpp(5107,48): warning C4244: 'argument': conversion from 'int' to 'float', possible loss of data
E:\Studioul Vizual\Drunk Driving Simulator\main.cpp(5123,72): warning C4244: 'argument': conversion from 'int' to 'float', possible loss of data
E:\Studioul Vizual\Drunk Driving Simulator\main.cpp(5245,88): warning C4244: 'argument': conversion from 'const int' to 'float', possible loss of data
E:\Studioul Vizual\Drunk Driving Simulator\main.cpp(5245,56): warning C4244: 'argument': conversion from 'T' to 'float', possible loss of data
E:\Studioul Vizual\Drunk Driving Simulator\main.cpp(5245,56): warning C4244:         with
E:\Studioul Vizual\Drunk Driving Simulator\main.cpp(5245,56): warning C4244:         [
E:\Studioul Vizual\Drunk Driving Simulator\main.cpp(5245,56): warning C4244:             T=unsigned int
E:\Studioul Vizual\Drunk Driving Simulator\main.cpp(5245,56): warning C4244:         ]
E:\Studioul Vizual\Drunk Driving Simulator\main.cpp(5246,104): warning C4244: 'argument': conversion from 'int' to 'float', possible loss of data
E:\Studioul Vizual\Drunk Driving Simulator\main.cpp(5246,62): warning C4244: 'argument': conversion from 'T' to 'float', possible loss of data
E:\Studioul Vizual\Drunk Driving Simulator\main.cpp(5246,62): warning C4244:         with
E:\Studioul Vizual\Drunk Driving Simulator\main.cpp(5246,62): warning C4244:         [
E:\Studioul Vizual\Drunk Driving Simulator\main.cpp(5246,62): warning C4244:             T=unsigned int
E:\Studioul Vizual\Drunk Driving Simulator\main.cpp(5246,62): warning C4244:         ]
E:\Studioul Vizual\Drunk Driving Simulator\main.cpp(5262,46): warning C4244: 'argument': conversion from 'int' to 'float', possible loss of data
E:\Studioul Vizual\Drunk Driving Simulator\main.cpp(5263,52): warning C4244: 'argument': conversion from 'int' to 'float', possible loss of data
E:\Studioul Vizual\Drunk Driving Simulator\main.cpp(5322,83): warning C4244: 'argument': conversion from 'T' to 'float', possible loss of data
E:\Studioul Vizual\Drunk Driving Simulator\main.cpp(5322,83): warning C4244:         with
E:\Studioul Vizual\Drunk Driving Simulator\main.cpp(5322,83): warning C4244:         [
E:\Studioul Vizual\Drunk Driving Simulator\main.cpp(5322,83): warning C4244:             T=unsigned int
E:\Studioul Vizual\Drunk Driving Simulator\main.cpp(5322,83): warning C4244:         ]
E:\Studioul Vizual\Drunk Driving Simulator\main.cpp(5322,57): warning C4244: 'argument': conversion from 'T' to 'float', possible loss of data
E:\Studioul Vizual\Drunk Driving Simulator\main.cpp(5322,57): warning C4244:         with
E:\Studioul Vizual\Drunk Driving Simulator\main.cpp(5322,57): warning C4244:         [
E:\Studioul Vizual\Drunk Driving Simulator\main.cpp(5322,57): warning C4244:             T=unsigned int
E:\Studioul Vizual\Drunk Driving Simulator\main.cpp(5322,57): warning C4244:         ]
E:\Studioul Vizual\Drunk Driving Simulator\main.cpp(5669,41): warning C4244: 'argument': conversion from 'int' to 'float', possible loss of data
E:\Studioul Vizual\Drunk Driving Simulator\main.cpp(5831,39): warning C4244: 'argument': conversion from 'int' to 'float', possible loss of data
E:\Studioul Vizual\Drunk Driving Simulator\main.cpp(5832,41): warning C4244: 'argument': conversion from 'int' to 'float', possible loss of data
E:\Studioul Vizual\Drunk Driving Simulator\main.cpp(5924,52): warning C4244: 'argument': conversion from 'T' to 'float', possible loss of data
E:\Studioul Vizual\Drunk Driving Simulator\main.cpp(5924,52): warning C4244:         with
E:\Studioul Vizual\Drunk Driving Simulator\main.cpp(5924,52): warning C4244:         [
E:\Studioul Vizual\Drunk Driving Simulator\main.cpp(5924,52): warning C4244:             T=unsigned int
E:\Studioul Vizual\Drunk Driving Simulator\main.cpp(5924,52): warning C4244:         ]
E:\Studioul Vizual\Drunk Driving Simulator\main.cpp(5939,49): warning C4244: 'argument': conversion from 'int' to 'float', possible loss of data
E:\Studioul Vizual\Drunk Driving Simulator\main.cpp(6024,65): warning C4244: 'argument': conversion from 'T' to 'float', possible loss of data
E:\Studioul Vizual\Drunk Driving Simulator\main.cpp(6024,65): warning C4244:         with
E:\Studioul Vizual\Drunk Driving Simulator\main.cpp(6024,65): warning C4244:         [
E:\Studioul Vizual\Drunk Driving Simulator\main.cpp(6024,65): warning C4244:             T=int
E:\Studioul Vizual\Drunk Driving Simulator\main.cpp(6024,65): warning C4244:         ]
E:\Studioul Vizual\Drunk Driving Simulator\main.cpp(6024,48): warning C4244: 'argument': conversion from 'T' to 'float', possible loss of data
E:\Studioul Vizual\Drunk Driving Simulator\main.cpp(6024,48): warning C4244:         with
E:\Studioul Vizual\Drunk Driving Simulator\main.cpp(6024,48): warning C4244:         [
E:\Studioul Vizual\Drunk Driving Simulator\main.cpp(6024,48): warning C4244:             T=int
E:\Studioul Vizual\Drunk Driving Simulator\main.cpp(6024,48): warning C4244:         ]
E:\Studioul Vizual\Drunk Driving Simulator\main.cpp(6033,65): warning C4244: 'argument': conversion from 'T' to 'float', possible loss of data
E:\Studioul Vizual\Drunk Driving Simulator\main.cpp(6033,65): warning C4244:         with
E:\Studioul Vizual\Drunk Driving Simulator\main.cpp(6033,65): warning C4244:         [
E:\Studioul Vizual\Drunk Driving Simulator\main.cpp(6033,65): warning C4244:             T=int
E:\Studioul Vizual\Drunk Driving Simulator\main.cpp(6033,65): warning C4244:         ]
E:\Studioul Vizual\Drunk Driving Simulator\main.cpp(6033,48): warning C4244: 'argument': conversion from 'T' to 'float', possible loss of data
E:\Studioul Vizual\Drunk Driving Simulator\main.cpp(6033,48): warning C4244:         with
E:\Studioul Vizual\Drunk Driving Simulator\main.cpp(6033,48): warning C4244:         [
E:\Studioul Vizual\Drunk Driving Simulator\main.cpp(6033,48): warning C4244:             T=int
E:\Studioul Vizual\Drunk Driving Simulator\main.cpp(6033,48): warning C4244:         ]
E:\Studioul Vizual\Drunk Driving Simulator\main.cpp(3476,109): warning C4390: ';': empty controlled statement found; is this the intent?
E:\Studioul Vizual\Drunk Driving Simulator\main.cpp(3854,66): warning C4390: ';': empty controlled statement found; is this the intent?
E:\Studioul Vizual\Drunk Driving Simulator\main.cpp(3873,62): warning C4390: ';': empty controlled statement found; is this the intent?
E:\Studioul Vizual\Drunk Driving Simulator\main.cpp(4023,113): warning C4390: ';': empty controlled statement found; is this the intent?
E:\Studioul Vizual\Drunk Driving Simulator\main.cpp(5578,66): warning C4390: ';': empty controlled statement found; is this the intent?
  Generating code
  526 of 869 functions (60.5%) were compiled, the rest were copied from previous compilation.
    0 functions were new in current compilation
    73 functions had inline decision re-evaluated but remain unchanged
  Finished generating code
  Drunk Driving Simulator.vcxproj -> E:\Studioul Vizual\Drunk Driving Simulator\x64\Release\Drunk Driving Simulator.exe
